<?xml version="1.0" encoding="UTF-8"?>
<testng-results skipped="0" failed="0" ignored="0" total="1" passed="1">
  <reporter-output>
  </reporter-output>
  <suite name="Default suite" duration-ms="8770" started-at="2020-01-05T10:53:42 IST" finished-at="2020-01-05T10:53:51 IST">
    <groups>
    </groups>
    <test name="Default test" duration-ms="8770" started-at="2020-01-05T10:53:42 IST" finished-at="2020-01-05T10:53:51 IST">
      <class name="com.xyz.test.MercuryTestNGTest">
        <test-method status="PASS" signature="beforeTest()[pri:0, instance:com.xyz.test.MercuryTestNGTest@551aa95a]" name="beforeTest" is-config="true" duration-ms="3679" started-at="2020-01-05T10:53:42 IST" finished-at="2020-01-05T10:53:45 IST">
          <reporter-output>
          </reporter-output>
        </test-method> <!-- beforeTest -->
        <test-method status="PASS" signature="f()[pri:0, instance:com.xyz.test.MercuryTestNGTest@551aa95a]" name="f" duration-ms="4811" started-at="2020-01-05T10:53:46 IST" finished-at="2020-01-05T10:53:50 IST">
          <reporter-output>
          </reporter-output>
        </test-method> <!-- f -->
        <test-method status="PASS" signature="afterTest()[pri:0, instance:com.xyz.test.MercuryTestNGTest@551aa95a]" name="afterTest" is-config="true" duration-ms="228" started-at="2020-01-05T10:53:50 IST" finished-at="2020-01-05T10:53:51 IST">
          <reporter-output>
          </reporter-output>
        </test-method> <!-- afterTest -->
      </class> <!-- com.xyz.test.MercuryTestNGTest -->
    </test> <!-- Default test -->
  </suite> <!-- Default suite -->
</testng-results>
